<?xml version="1.0" encoding="UTF-8"?>
<!-- Generated by org.testng.reporters.JUnitReportReporter -->
<testsuite hostname="Ajay-PC" failures="0" tests="1" name="testCases.TC002_LoginTest" time="2.414" errors="0" timestamp="2024-10-30T14:18:46 IST" skipped="0">
  <testcase classname="testCases.TC002_LoginTest" name="verify_Login" time="2.414"/>
</testsuite> <!-- testCases.TC002_LoginTest -->
