<?xml version="1.0" encoding="UTF-8"?>
<!-- Generated by org.testng.reporters.JUnitReportReporter -->
<testsuite hostname="Ajay-PC" failures="0" tests="1" name="testCases.TC001_AccountRegistrationTest" time="4.036" errors="0" timestamp="2024-10-30T15:24:36 IST" skipped="0">
  <testcase classname="testCases.TC001_AccountRegistrationTest" name="verfy_account_registration" time="4.036"/>
</testsuite> <!-- testCases.TC001_AccountRegistrationTest -->
